12-19-2021 @ 15:45:37 - 5aa1bc47b63d79e54e7da389  seleccionado
12-19-2021 @ 15:45:37 - Payment gateway 'payulatam'<br>
12-19-2021 @ 15:45:37 - fuera del if 
12-19-2021 @ 15:45:37 - El peso no puede ser igual a 0
12-19-2021 @ 15:49:17 - 5aa1bc47b63d79e54e7da389  seleccionado
12-19-2021 @ 15:49:17 - Payment gateway 'payulatam'<br>
12-19-2021 @ 15:49:17 - fuera del if 
12-19-2021 @ 15:49:17 - El peso no puede ser igual a 0
12-19-2021 @ 15:56:56 - 5aa1bc47b63d79e54e7da389  seleccionado
12-19-2021 @ 15:56:56 - Payment gateway 'payulatam'<br>
12-19-2021 @ 15:56:56 - fuera del if 
12-19-2021 @ 15:56:56 - El peso no puede ser igual a 0
12-19-2021 @ 15:57:06 - 5aa1bc47b63d79e54e7da389  seleccionado
12-19-2021 @ 15:57:06 - Payment gateway 'payulatam'<br>
12-19-2021 @ 15:57:06 - fuera del if 
12-19-2021 @ 15:57:06 - El peso no puede ser igual a 0
12-19-2021 @ 16:00:46 - 5aa1bc47b63d79e54e7da389  seleccionado
12-19-2021 @ 16:00:46 - Payment gateway 'payulatam'<br>
12-19-2021 @ 16:00:46 - fuera del if 
12-19-2021 @ 16:00:46 - Array
(
    [weight] => 1
    [special_service] => 0
    [payment_type] => 1
    [type] => 2
    [origin] => 5aa1bc47b63d79e54e7da389
    [destiny] => 5aa1bc47b63d79e54e7da389
    [declared_value] => 17800
    [quantity] => 1
    [value_select] => 1
    [delivery] => 0
)

12-19-2021 @ 16:00:47 - stdClass Object
(
    [status] => 200
    [message] => Cálculo de transportadora
    [company] => stdClass Object
        (
            [price] => 4914
            [name] => TCC
            [schedule] => 2 días habiles
        )

)

12-19-2021 @ 16:01:09 - 5aa1bc47b63d79e54e7da388  seleccionado
12-19-2021 @ 16:01:09 - Payment gateway 'payulatam'<br>
12-19-2021 @ 16:01:09 - fuera del if 
12-19-2021 @ 16:01:09 - Array
(
    [weight] => 1
    [special_service] => 0
    [payment_type] => 1
    [type] => 2
    [origin] => 5aa1bc47b63d79e54e7da389
    [destiny] => 5aa1bc47b63d79e54e7da388
    [declared_value] => 17800
    [quantity] => 1
    [value_select] => 1
    [delivery] => 0
)

12-19-2021 @ 16:01:09 - stdClass Object
(
    [status] => 200
    [message] => Cálculo de transportadora
    [company] => stdClass Object
        (
            [price] => 8550
            [name] => ENVIA
            [schedule] => 1 día habil
        )

)

12-19-2021 @ 16:02:01 - 5aa1bc4fb63d79e54e7da5c1  seleccionado
12-19-2021 @ 16:02:01 - Payment gateway 'payulatam'<br>
12-19-2021 @ 16:02:01 - fuera del if 
12-19-2021 @ 16:02:01 - Array
(
    [weight] => 1
    [special_service] => 0
    [payment_type] => 1
    [type] => 2
    [origin] => 5aa1bc47b63d79e54e7da389
    [destiny] => 5aa1bc4fb63d79e54e7da5c1
    [declared_value] => 17800
    [quantity] => 1
    [value_select] => 1
    [delivery] => 0
)

12-19-2021 @ 16:02:02 - stdClass Object
(
    [status] => 200
    [message] => Cálculo de transportadora
    [company] => stdClass Object
        (
            [price] => 5834
            [name] => TCC
            [schedule] => 2 días habiles
        )

)

12-19-2021 @ 16:02:14 - 5aa1bc4fb63d79e54e7da5c6  seleccionado
12-19-2021 @ 16:02:14 - Payment gateway 'payulatam'<br>
12-19-2021 @ 16:02:14 - fuera del if 
12-19-2021 @ 16:02:14 - Array
(
    [weight] => 1
    [special_service] => 0
    [payment_type] => 1
    [type] => 2
    [origin] => 5aa1bc47b63d79e54e7da389
    [destiny] => 5aa1bc4fb63d79e54e7da5c6
    [declared_value] => 17800
    [quantity] => 1
    [value_select] => 1
    [delivery] => 0
)

12-19-2021 @ 16:02:15 - stdClass Object
(
    [status] => 200
    [message] => Cálculo de transportadora
    [company] => stdClass Object
        (
            [price] => 8550
            [name] => ENVIA
            [schedule] => 1 día habil
        )

)

12-19-2021 @ 16:05:28 - 5aa1bc4fb63d79e54e7da5c6  seleccionado
12-19-2021 @ 16:05:28 - Payment gateway 'payulatam'<br>
12-19-2021 @ 16:05:28 - fuera del if 
12-19-2021 @ 16:05:28 - Array
(
    [weight] => 1
    [special_service] => 0
    [payment_type] => 1
    [type] => 2
    [origin] => 5aa1bc47b63d79e54e7da389
    [destiny] => 5aa1bc4fb63d79e54e7da5c6
    [declared_value] => 17800
    [quantity] => 1
    [value_select] => 1
    [delivery] => 0
)

12-19-2021 @ 16:05:29 - stdClass Object
(
    [status] => 200
    [message] => Cálculo de transportadora
    [company] => stdClass Object
        (
            [price] => 8550
            [name] => ENVIA
            [schedule] => 1 día habil
        )

)

12-19-2021 @ 16:05:53 - 5aa1bc47b63d79e54e7da389  seleccionado
12-19-2021 @ 16:05:53 - Payment gateway 'payulatam'<br>
12-19-2021 @ 16:05:53 - fuera del if 
12-19-2021 @ 16:05:53 - Array
(
    [weight] => 1
    [special_service] => 0
    [payment_type] => 1
    [type] => 2
    [origin] => 5aa1bc47b63d79e54e7da389
    [destiny] => 5aa1bc47b63d79e54e7da389
    [declared_value] => 17800
    [quantity] => 1
    [value_select] => 1
    [delivery] => 0
)

12-19-2021 @ 16:05:54 - stdClass Object
(
    [status] => 200
    [message] => Cálculo de transportadora
    [company] => stdClass Object
        (
            [price] => 4914
            [name] => TCC
            [schedule] => 2 días habiles
        )

)

12-19-2021 @ 16:06:07 - 5aa1bc4cb63d79e54e7da508  seleccionado
12-19-2021 @ 16:06:07 - Payment gateway 'cod'<br>
12-19-2021 @ 16:06:07 - es este el cod code
12-19-2021 @ 16:06:07 - fuera del if code
12-19-2021 @ 16:06:07 - El peso no puede ser igual a 0
12-19-2021 @ 16:06:12 - 5aa1bc47b63d79e54e7da389  seleccionado
12-19-2021 @ 16:06:12 - Payment gateway 'payulatam'<br>
12-19-2021 @ 16:06:12 - fuera del if 
12-19-2021 @ 16:06:12 - Array
(
    [weight] => 1
    [special_service] => 0
    [payment_type] => 1
    [type] => 2
    [origin] => 5aa1bc47b63d79e54e7da389
    [destiny] => 5aa1bc47b63d79e54e7da389
    [declared_value] => 17800
    [quantity] => 1
    [value_select] => 1
    [delivery] => 0
)

12-19-2021 @ 16:06:13 - stdClass Object
(
    [status] => 200
    [message] => Cálculo de transportadora
    [company] => stdClass Object
        (
            [price] => 4914
            [name] => TCC
            [schedule] => 2 días habiles
        )

)

12-19-2021 @ 16:07:18 - 5aa1bc47b63d79e54e7da389  seleccionado
12-19-2021 @ 16:07:18 - Payment gateway 'payulatam'<br>
12-19-2021 @ 16:07:18 - fuera del if 
12-19-2021 @ 16:07:18 - Array
(
    [weight] => 1
    [special_service] => 0
    [payment_type] => 1
    [type] => 2
    [origin] => 5aa1bc47b63d79e54e7da389
    [destiny] => 5aa1bc47b63d79e54e7da389
    [declared_value] => 17800
    [quantity] => 1
    [value_select] => 1
    [delivery] => 0
)

12-19-2021 @ 16:07:20 - stdClass Object
(
    [status] => 200
    [message] => Cálculo de transportadora
    [company] => stdClass Object
        (
            [price] => 4914
            [name] => TCC
            [schedule] => 2 días habiles
        )

)

12-19-2021 @ 16:07:36 - 5aa1bc4cb63d79e54e7da508  seleccionado
12-19-2021 @ 16:07:36 - Payment gateway 'cod'<br>
12-19-2021 @ 16:07:36 - es este el cod code
12-19-2021 @ 16:07:36 - fuera del if code
12-19-2021 @ 16:07:36 - El peso no puede ser igual a 0
12-19-2021 @ 16:07:57 - 5aa1bc4cb63d79e54e7da508  seleccionado
12-19-2021 @ 16:07:57 - Payment gateway 'cod'<br>
12-19-2021 @ 16:07:57 - es este el cod code
12-19-2021 @ 16:07:57 - fuera del if code
12-19-2021 @ 16:07:57 - El peso no puede ser igual a 0
12-19-2021 @ 16:08:01 - 5aa1bc47b63d79e54e7da389  seleccionado
12-19-2021 @ 16:08:01 - Payment gateway 'payulatam'<br>
12-19-2021 @ 16:08:01 - fuera del if 
12-19-2021 @ 16:08:01 - Array
(
    [weight] => 1
    [special_service] => 0
    [payment_type] => 1
    [type] => 2
    [origin] => 5aa1bc47b63d79e54e7da389
    [destiny] => 5aa1bc47b63d79e54e7da389
    [declared_value] => 17800
    [quantity] => 1
    [value_select] => 1
    [delivery] => 0
)

12-19-2021 @ 16:08:02 - stdClass Object
(
    [status] => 200
    [message] => Cálculo de transportadora
    [company] => stdClass Object
        (
            [price] => 4914
            [name] => TCC
            [schedule] => 2 días habiles
        )

)

12-19-2021 @ 16:08:11 - 5aa1bc4cb63d79e54e7da508  seleccionado
12-19-2021 @ 16:08:11 - Payment gateway 'cod'<br>
12-19-2021 @ 16:08:11 - es este el cod code
12-19-2021 @ 16:08:11 - fuera del if code
12-19-2021 @ 16:08:11 - El peso no puede ser igual a 0
12-19-2021 @ 16:09:10 - 5aa1bc47b63d79e54e7da389  seleccionado
12-19-2021 @ 16:09:10 - Payment gateway 'cod'<br>
12-19-2021 @ 16:09:10 - es este el cod code
12-19-2021 @ 16:09:10 - fuera del if code
12-19-2021 @ 16:09:10 - El peso no puede ser igual a 0
12-19-2021 @ 16:09:37 - 5aa1bc47b63d79e54e7da389  seleccionado
12-19-2021 @ 16:09:37 - Payment gateway 'payulatam'<br>
12-19-2021 @ 16:09:37 - fuera del if 
12-19-2021 @ 16:09:37 - El peso no puede ser igual a 0
12-19-2021 @ 16:10:54 - 5aa1bc47b63d79e54e7da389  seleccionado
12-19-2021 @ 16:10:54 - Payment gateway 'cod'<br>
12-19-2021 @ 16:10:54 - es este el cod code
12-19-2021 @ 16:10:54 - fuera del if code
12-19-2021 @ 16:10:54 - Array
(
    [weight] => 1
    [special_service] => 2
    [value_collection] => 17800
    [payment_type] => 5
    [type] => 2
    [origin] => 5aa1bc47b63d79e54e7da389
    [destiny] => 5aa1bc47b63d79e54e7da389
    [declared_value] => 17800
    [quantity] => 1
    [value_select] => 1
    [delivery] => 0
)

12-19-2021 @ 16:10:55 - stdClass Object
(
    [status] => 200
    [message] => Cálculo de transportadora
    [company] => stdClass Object
        (
            [price] => 8814
            [name] => TCC
            [schedule] => 2 días habiles
        )

)

12-19-2021 @ 16:14:16 - 5aa1bc47b63d79e54e7da389  seleccionado
12-19-2021 @ 16:14:16 - Payment gateway 'cod'<br>
12-19-2021 @ 16:14:16 - es este el cod code
12-19-2021 @ 16:14:16 - fuera del if code
12-19-2021 @ 16:14:16 - Array
(
    [weight] => 1
    [special_service] => 2
    [value_collection] => 17800
    [payment_type] => 5
    [type] => 2
    [origin] => 5aa1bc47b63d79e54e7da389
    [destiny] => 5aa1bc47b63d79e54e7da389
    [declared_value] => 17800
    [quantity] => 1
    [value_select] => 1
    [delivery] => 0
)

12-19-2021 @ 16:14:17 - stdClass Object
(
    [status] => 200
    [message] => Cálculo de transportadora
    [company] => stdClass Object
        (
            [price] => 8814
            [name] => TCC
            [schedule] => 2 días habiles
        )

)

12-19-2021 @ 16:32:30 - 5aa1bc47b63d79e54e7da389  seleccionado
12-19-2021 @ 16:32:30 - Payment gateway ''<br>
12-19-2021 @ 16:32:30 - fuera del if 
12-19-2021 @ 16:32:30 - Array
(
    [weight] => 1
    [special_service] => 0
    [payment_type] => 1
    [type] => 2
    [origin] => 5aa1bc47b63d79e54e7da389
    [destiny] => 5aa1bc47b63d79e54e7da389
    [declared_value] => 17800
    [quantity] => 1
    [value_select] => 1
    [delivery] => 0
)

12-19-2021 @ 16:32:31 - 5aa1bc47b63d79e54e7da389  seleccionado
12-19-2021 @ 16:32:31 - Payment gateway ''<br>
12-19-2021 @ 16:32:31 - fuera del if 
12-19-2021 @ 16:32:31 - Array
(
    [weight] => 1
    [special_service] => 0
    [payment_type] => 1
    [type] => 2
    [origin] => 5aa1bc47b63d79e54e7da389
    [destiny] => 5aa1bc47b63d79e54e7da389
    [declared_value] => 17800
    [quantity] => 1
    [value_select] => 1
    [delivery] => 0
)

12-19-2021 @ 16:32:31 - stdClass Object
(
    [status] => 200
    [message] => Cálculo de transportadora
    [company] => stdClass Object
        (
            [price] => 4914
            [name] => TCC
            [schedule] => 2 días habiles
        )

)

12-19-2021 @ 16:32:32 - stdClass Object
(
    [status] => 200
    [message] => Cálculo de transportadora
    [company] => stdClass Object
        (
            [price] => 4914
            [name] => TCC
            [schedule] => 2 días habiles
        )

)

12-19-2021 @ 16:32:37 - 5aa1bc47b63d79e54e7da389  seleccionado
12-19-2021 @ 16:32:37 - Payment gateway ''<br>
12-19-2021 @ 16:32:37 - fuera del if 
12-19-2021 @ 16:32:37 - Array
(
    [weight] => 1
    [special_service] => 0
    [payment_type] => 1
    [type] => 2
    [origin] => 5aa1bc47b63d79e54e7da389
    [destiny] => 5aa1bc47b63d79e54e7da389
    [declared_value] => 17800
    [quantity] => 1
    [value_select] => 1
    [delivery] => 0
)

12-19-2021 @ 16:32:38 - 5aa1bc47b63d79e54e7da389  seleccionado
12-19-2021 @ 16:32:38 - Payment gateway ''<br>
12-19-2021 @ 16:32:38 - fuera del if 
12-19-2021 @ 16:32:38 - Array
(
    [weight] => 1
    [special_service] => 0
    [payment_type] => 1
    [type] => 2
    [origin] => 5aa1bc47b63d79e54e7da389
    [destiny] => 5aa1bc47b63d79e54e7da389
    [declared_value] => 17800
    [quantity] => 1
    [value_select] => 1
    [delivery] => 0
)

12-19-2021 @ 16:32:39 - stdClass Object
(
    [status] => 200
    [message] => Cálculo de transportadora
    [company] => stdClass Object
        (
            [price] => 4914
            [name] => TCC
            [schedule] => 2 días habiles
        )

)

12-19-2021 @ 16:32:40 - stdClass Object
(
    [status] => 200
    [message] => Cálculo de transportadora
    [company] => stdClass Object
        (
            [price] => 4914
            [name] => TCC
            [schedule] => 2 días habiles
        )

)

12-19-2021 @ 16:32:41 - 5aa1bc47b63d79e54e7da389  seleccionado
12-19-2021 @ 16:32:41 - Payment gateway ''<br>
12-19-2021 @ 16:32:41 - fuera del if 
12-19-2021 @ 16:32:41 - Array
(
    [weight] => 1
    [special_service] => 0
    [payment_type] => 1
    [type] => 2
    [origin] => 5aa1bc47b63d79e54e7da389
    [destiny] => 5aa1bc47b63d79e54e7da389
    [declared_value] => 17800
    [quantity] => 1
    [value_select] => 1
    [delivery] => 0
)

12-19-2021 @ 16:32:43 - stdClass Object
(
    [status] => 200
    [message] => Cálculo de transportadora
    [company] => stdClass Object
        (
            [price] => 4914
            [name] => TCC
            [schedule] => 2 días habiles
        )

)

12-19-2021 @ 16:39:40 - 5aa1bc46b63d79e54e7da346  seleccionado
12-19-2021 @ 16:39:40 - Payment gateway 'cod'<br>
12-19-2021 @ 16:39:40 - es este el cod code
12-19-2021 @ 16:39:40 - fuera del if code
12-19-2021 @ 16:39:40 - El peso no puede ser igual a 0
12-19-2021 @ 16:39:45 - 5aa1bc46b63d79e54e7da346  seleccionado
12-19-2021 @ 16:39:45 - Payment gateway 'cod'<br>
12-19-2021 @ 16:39:45 - es este el cod code
12-19-2021 @ 16:39:45 - fuera del if code
12-19-2021 @ 16:39:45 - El peso no puede ser igual a 0
12-19-2021 @ 16:41:48 - 5aa1bc46b63d79e54e7da346  seleccionado
12-19-2021 @ 16:41:48 - Payment gateway 'payulatam'<br>
12-19-2021 @ 16:41:48 - fuera del if 
12-19-2021 @ 16:41:48 - El peso no puede ser igual a 0
12-19-2021 @ 16:42:02 - 5aa1bc46b63d79e54e7da346  seleccionado
12-19-2021 @ 16:42:02 - Payment gateway 'payulatam'<br>
12-19-2021 @ 16:42:02 - fuera del if 
12-19-2021 @ 16:42:02 - El peso no puede ser igual a 0
12-19-2021 @ 16:42:22 - 5aa1bc47b63d79e54e7da389  seleccionado
12-19-2021 @ 16:42:22 - Payment gateway 'payulatam'<br>
12-19-2021 @ 16:42:22 - fuera del if 
12-19-2021 @ 16:42:22 - El peso no puede ser igual a 0
12-19-2021 @ 16:46:31 - 5aa1bc47b63d79e54e7da389  seleccionado
12-19-2021 @ 16:46:31 - Payment gateway ''<br>
12-19-2021 @ 16:46:31 - fuera del if 
12-19-2021 @ 16:46:31 - Array
(
    [weight] => 1
    [special_service] => 0
    [payment_type] => 1
    [type] => 2
    [origin] => 5aa1bc47b63d79e54e7da389
    [destiny] => 5aa1bc47b63d79e54e7da389
    [declared_value] => 17800
    [quantity] => 1
    [value_select] => 1
    [delivery] => 0
)

12-19-2021 @ 16:46:32 - stdClass Object
(
    [status] => 200
    [message] => Cálculo de transportadora
    [company] => stdClass Object
        (
            [price] => 4914
            [name] => TCC
            [schedule] => 2 días habiles
        )

)

12-19-2021 @ 17:41:46 - 5aa1bc47b63d79e54e7da389  seleccionado
12-19-2021 @ 17:41:46 - Payment gateway ''<br>
12-19-2021 @ 17:41:46 - fuera del if 
12-19-2021 @ 17:41:46 - Array
(
    [weight] => 1
    [special_service] => 0
    [payment_type] => 1
    [type] => 2
    [origin] => 5aa1bc47b63d79e54e7da389
    [destiny] => 5aa1bc47b63d79e54e7da389
    [declared_value] => 17800
    [quantity] => 1
    [value_select] => 1
    [delivery] => 0
)

12-19-2021 @ 17:41:47 - stdClass Object
(
    [status] => 200
    [message] => Cálculo de transportadora
    [company] => stdClass Object
        (
            [price] => 4914
            [name] => TCC
            [schedule] => 2 días habiles
        )

)

12-19-2021 @ 17:42:10 - 5aa1bc47b63d79e54e7da389  seleccionado
12-19-2021 @ 17:42:10 - Payment gateway 'cod'<br>
12-19-2021 @ 17:42:10 - es este el cod code
12-19-2021 @ 17:42:10 - fuera del if code
12-19-2021 @ 17:42:10 - Array
(
    [weight] => 1
    [special_service] => 2
    [value_collection] => 53400
    [payment_type] => 5
    [type] => 2
    [origin] => 5aa1bc47b63d79e54e7da389
    [destiny] => 5aa1bc47b63d79e54e7da389
    [declared_value] => 17800
    [quantity] => 1
    [value_select] => 1
    [delivery] => 0
)

12-19-2021 @ 17:42:11 - stdClass Object
(
    [status] => 200
    [message] => Cálculo de transportadora
    [company] => stdClass Object
        (
            [price] => 8814
            [name] => TCC
            [schedule] => 2 días habiles
        )

)

12-19-2021 @ 18:04:53 - 5aa1bc47b63d79e54e7da389  seleccionado
12-19-2021 @ 18:04:53 - Payment gateway 'payulatam'<br>
12-19-2021 @ 18:04:53 - fuera del if 
12-19-2021 @ 18:04:53 - El peso no puede ser igual a 0
12-19-2021 @ 18:07:46 - 5aa1bc47b63d79e54e7da389  seleccionado
12-19-2021 @ 18:07:46 - Payment gateway 'payulatam'<br>
12-19-2021 @ 18:07:46 - fuera del if 
12-19-2021 @ 18:07:46 - El peso no puede ser igual a 0
